<?xml version="1.0" encoding="UTF-8"?>
<!-- Generated by org.testng.reporters.JUnitXMLReporter -->
<testsuite hostname="DESKTOP-C1KB7NO" ignored="0" name="my Hub Spot Test firefox" tests="3" failures="0" timestamp="04 Aug 2019 04:24:35 GMT" time="21.813" errors="0">
  <testcase name="verifyLoginpageTitleTest" time="0.004" classname="com.MyTests.LoginTest"/>
  <testcase name="verifyLoginPageHeaderTest" time="0.025" classname="com.MyTests.LoginTest"/>
  <testcase name="doLoginTest" time="5.574" classname="com.MyTests.LoginTest"/>
</testsuite> <!-- my Hub Spot Test firefox -->
