<?xml version="1.0" encoding="UTF-8"?>
<testng-results skipped="0" failed="0" ignored="0" total="6" passed="6">
  <reporter-output>
  </reporter-output>
  <suite name="Suite" duration-ms="24480" started-at="2019-07-31T04:02:10Z" finished-at="2019-07-31T04:02:35Z">
    <groups>
    </groups>
    <test name="my Hub Spot Test Chrome" duration-ms="21798" started-at="2019-07-31T04:02:10Z" finished-at="2019-07-31T04:02:32Z">
      <class name="com.MyTests.LoginTest">
        <test-method status="PASS" signature="setup(java.lang.String)[pri:0, instance:com.MyTests.LoginTest@1e643faf]" name="setup" is-config="true" duration-ms="15690" started-at="2019-07-30T23:02:10Z" finished-at="2019-07-30T23:02:26Z">
          <params>
            <param index="0">
              <value>
                <![CDATA[chrome]]>
              </value>
            </param>
          </params>
          <reporter-output>
          </reporter-output>
        </test-method> <!-- setup -->
        <test-method status="PASS" signature="verifyLoginpageTitleTest()[pri:1, instance:com.MyTests.LoginTest@1e643faf]" name="verifyLoginpageTitleTest" duration-ms="16" started-at="2019-07-30T23:02:26Z" finished-at="2019-07-30T23:02:26Z">
          <reporter-output>
          </reporter-output>
        </test-method> <!-- verifyLoginpageTitleTest -->
        <test-method status="PASS" signature="verifyLoginPageHeaderTest()[pri:2, instance:com.MyTests.LoginTest@1e643faf]" name="verifyLoginPageHeaderTest" duration-ms="30" started-at="2019-07-30T23:02:26Z" finished-at="2019-07-30T23:02:26Z">
          <reporter-output>
          </reporter-output>
        </test-method> <!-- verifyLoginPageHeaderTest -->
        <test-method status="PASS" signature="doLoginTest()[pri:3, instance:com.MyTests.LoginTest@1e643faf]" name="doLoginTest" duration-ms="5451" started-at="2019-07-30T23:02:26Z" finished-at="2019-07-30T23:02:32Z">
          <reporter-output>
          </reporter-output>
        </test-method> <!-- doLoginTest -->
        <test-method status="PASS" signature="teardown()[pri:0, instance:com.MyTests.LoginTest@1e643faf]" name="teardown" is-config="true" duration-ms="597" started-at="2019-07-30T23:02:32Z" finished-at="2019-07-30T23:02:32Z">
          <reporter-output>
          </reporter-output>
        </test-method> <!-- teardown -->
      </class> <!-- com.MyTests.LoginTest -->
    </test> <!-- my Hub Spot Test Chrome -->
    <test name="my Hub Spot Test firefox" duration-ms="24480" started-at="2019-07-31T04:02:10Z" finished-at="2019-07-31T04:02:35Z">
      <class name="com.MyTests.LoginTest">
        <test-method status="PASS" signature="setup(java.lang.String)[pri:0, instance:com.MyTests.LoginTest@96532d6]" name="setup" is-config="true" duration-ms="18060" started-at="2019-07-30T23:02:10Z" finished-at="2019-07-30T23:02:29Z">
          <params>
            <param index="0">
              <value>
                <![CDATA[ff]]>
              </value>
            </param>
          </params>
          <reporter-output>
          </reporter-output>
        </test-method> <!-- setup -->
        <test-method status="PASS" signature="verifyLoginpageTitleTest()[pri:1, instance:com.MyTests.LoginTest@96532d6]" name="verifyLoginpageTitleTest" duration-ms="3" started-at="2019-07-30T23:02:29Z" finished-at="2019-07-30T23:02:29Z">
          <reporter-output>
          </reporter-output>
        </test-method> <!-- verifyLoginpageTitleTest -->
        <test-method status="PASS" signature="verifyLoginPageHeaderTest()[pri:2, instance:com.MyTests.LoginTest@96532d6]" name="verifyLoginPageHeaderTest" duration-ms="26" started-at="2019-07-30T23:02:29Z" finished-at="2019-07-30T23:02:29Z">
          <reporter-output>
          </reporter-output>
        </test-method> <!-- verifyLoginPageHeaderTest -->
        <test-method status="PASS" signature="doLoginTest()[pri:3, instance:com.MyTests.LoginTest@96532d6]" name="doLoginTest" duration-ms="5567" started-at="2019-07-30T23:02:29Z" finished-at="2019-07-30T23:02:34Z">
          <reporter-output>
          </reporter-output>
        </test-method> <!-- doLoginTest -->
        <test-method status="PASS" signature="teardown()[pri:0, instance:com.MyTests.LoginTest@96532d6]" name="teardown" is-config="true" duration-ms="815" started-at="2019-07-30T23:02:34Z" finished-at="2019-07-30T23:02:35Z">
          <reporter-output>
          </reporter-output>
        </test-method> <!-- teardown -->
      </class> <!-- com.MyTests.LoginTest -->
    </test> <!-- my Hub Spot Test firefox -->
  </suite> <!-- Suite -->
</testng-results>
