<?xml version="1.0" encoding="UTF-8"?>
<testng-results skipped="0" failed="0" ignored="0" total="6" passed="6">
  <reporter-output>
  </reporter-output>
  <suite name="Suite" duration-ms="21813" started-at="2019-08-04T04:24:13Z" finished-at="2019-08-04T04:24:35Z">
    <groups>
    </groups>
    <test name="my Hub Spot Test Chrome" duration-ms="20002" started-at="2019-08-04T04:24:13Z" finished-at="2019-08-04T04:24:33Z">
      <class name="com.MyTests.LoginTest">
        <test-method status="PASS" signature="setup(java.lang.String)[pri:0, instance:com.MyTests.LoginTest@1e643faf]" name="setup" is-config="true" duration-ms="13775" started-at="2019-08-03T23:24:13Z" finished-at="2019-08-03T23:24:27Z">
          <params>
            <param index="0">
              <value>
                <![CDATA[chrome]]>
              </value>
            </param>
          </params>
          <reporter-output>
          </reporter-output>
        </test-method> <!-- setup -->
        <test-method status="PASS" signature="verifyLoginpageTitleTest()[pri:1, instance:com.MyTests.LoginTest@1e643faf]" name="verifyLoginpageTitleTest" duration-ms="16" started-at="2019-08-03T23:24:27Z" finished-at="2019-08-03T23:24:27Z">
          <reporter-output>
          </reporter-output>
        </test-method> <!-- verifyLoginpageTitleTest -->
        <test-method status="PASS" signature="verifyLoginPageHeaderTest()[pri:2, instance:com.MyTests.LoginTest@1e643faf]" name="verifyLoginPageHeaderTest" duration-ms="36" started-at="2019-08-03T23:24:27Z" finished-at="2019-08-03T23:24:27Z">
          <reporter-output>
          </reporter-output>
        </test-method> <!-- verifyLoginPageHeaderTest -->
        <test-method status="PASS" signature="doLoginTest()[pri:3, instance:com.MyTests.LoginTest@1e643faf]" name="doLoginTest" duration-ms="5553" started-at="2019-08-03T23:24:27Z" finished-at="2019-08-03T23:24:32Z">
          <reporter-output>
          </reporter-output>
        </test-method> <!-- doLoginTest -->
        <test-method status="PASS" signature="teardown()[pri:0, instance:com.MyTests.LoginTest@1e643faf]" name="teardown" is-config="true" duration-ms="605" started-at="2019-08-03T23:24:32Z" finished-at="2019-08-03T23:24:33Z">
          <reporter-output>
          </reporter-output>
        </test-method> <!-- teardown -->
      </class> <!-- com.MyTests.LoginTest -->
    </test> <!-- my Hub Spot Test Chrome -->
    <test name="my Hub Spot Test firefox" duration-ms="21813" started-at="2019-08-04T04:24:13Z" finished-at="2019-08-04T04:24:35Z">
      <class name="com.MyTests.LoginTest">
        <test-method status="PASS" signature="setup(java.lang.String)[pri:0, instance:com.MyTests.LoginTest@96532d6]" name="setup" is-config="true" duration-ms="15358" started-at="2019-08-03T23:24:13Z" finished-at="2019-08-03T23:24:28Z">
          <params>
            <param index="0">
              <value>
                <![CDATA[ff]]>
              </value>
            </param>
          </params>
          <reporter-output>
          </reporter-output>
        </test-method> <!-- setup -->
        <test-method status="PASS" signature="verifyLoginpageTitleTest()[pri:1, instance:com.MyTests.LoginTest@96532d6]" name="verifyLoginpageTitleTest" duration-ms="4" started-at="2019-08-03T23:24:28Z" finished-at="2019-08-03T23:24:28Z">
          <reporter-output>
          </reporter-output>
        </test-method> <!-- verifyLoginpageTitleTest -->
        <test-method status="PASS" signature="verifyLoginPageHeaderTest()[pri:2, instance:com.MyTests.LoginTest@96532d6]" name="verifyLoginPageHeaderTest" duration-ms="25" started-at="2019-08-03T23:24:28Z" finished-at="2019-08-03T23:24:28Z">
          <reporter-output>
          </reporter-output>
        </test-method> <!-- verifyLoginPageHeaderTest -->
        <test-method status="PASS" signature="doLoginTest()[pri:3, instance:com.MyTests.LoginTest@96532d6]" name="doLoginTest" duration-ms="5574" started-at="2019-08-03T23:24:28Z" finished-at="2019-08-03T23:24:34Z">
          <reporter-output>
          </reporter-output>
        </test-method> <!-- doLoginTest -->
        <test-method status="PASS" signature="teardown()[pri:0, instance:com.MyTests.LoginTest@96532d6]" name="teardown" is-config="true" duration-ms="840" started-at="2019-08-03T23:24:34Z" finished-at="2019-08-03T23:24:35Z">
          <reporter-output>
          </reporter-output>
        </test-method> <!-- teardown -->
      </class> <!-- com.MyTests.LoginTest -->
    </test> <!-- my Hub Spot Test firefox -->
  </suite> <!-- Suite -->
</testng-results>
