<?xml version="1.0" encoding="UTF-8"?>
<!-- Generated by org.testng.reporters.JUnitXMLReporter -->
<testsuite hostname="DESKTOP-C1KB7NO" ignored="0" name="my Hub Spot Test Chrome" tests="3" failures="0" timestamp="31 Jul 2019 04:12:44 GMT" time="20.329" errors="0">
  <testcase name="verifyLoginpageTitleTest" time="0.024" classname="com.MyTests.LoginTest"/>
  <testcase name="verifyLoginPageHeaderTest" time="0.045" classname="com.MyTests.LoginTest"/>
  <testcase name="doLoginTest" time="5.633" classname="com.MyTests.LoginTest"/>
</testsuite> <!-- my Hub Spot Test Chrome -->
