<?xml version="1.0" encoding="UTF-8"?>
<!-- Generated by org.testng.reporters.JUnitXMLReporter -->
<testsuite hostname="DESKTOP-C1KB7NO" ignored="0" name="my Hub Spot Test firefox" tests="3" failures="0" timestamp="31 Jul 2019 04:12:46 GMT" time="22.747" errors="0">
  <testcase name="verifyLoginpageTitleTest" time="0.006" classname="com.MyTests.LoginTest"/>
  <testcase name="verifyLoginPageHeaderTest" time="0.036" classname="com.MyTests.LoginTest"/>
  <testcase name="doLoginTest" time="5.703" classname="com.MyTests.LoginTest"/>
</testsuite> <!-- my Hub Spot Test firefox -->
